[ 2016-11-22T11:04:12+08:00 ] 127.0.0.1 /favicon.ico
INFO: [ app_init ] --START--
INFO: Run Behavior\BuildLiteBehavior [ RunTime:0.000000s ]
INFO: [ app_init ] --END-- [ RunTime:0.001000s ]
ERR: 无法加载模块:Favicon

[ 2016-11-22T11:04:31+08:00 ] 127.0.0.1 /Public/Admin/js/jquery-2.1.1.min.js
INFO: [ app_init ] --START--
INFO: Run Behavior\BuildLiteBehavior [ RunTime:0.000000s ]
INFO: [ app_init ] --END-- [ RunTime:0.001000s ]
ERR: 无法加载模块:Public

[ 2016-11-22T11:04:31+08:00 ] 127.0.0.1 /Public/statics/font-awesome-4.4.0/css/font-awesome.min.css
INFO: [ app_init ] --START--
INFO: Run Behavior\BuildLiteBehavior [ RunTime:0.001000s ]
INFO: [ app_init ] --END-- [ RunTime:0.001000s ]
ERR: 无法加载模块:Public

[ 2016-11-22T11:04:31+08:00 ] 127.0.0.1 /Public/statics/bootstrap-3.3.5/css/bootstrap-theme.min.css
INFO: [ app_init ] --START--
INFO: Run Behavior\BuildLiteBehavior [ RunTime:0.000000s ]
INFO: [ app_init ] --END-- [ RunTime:0.001000s ]
ERR: 无法加载模块:Public

[ 2016-11-22T11:04:31+08:00 ] 127.0.0.1 /Public/statics/bootstrap-3.3.5/css/bootstrap.min.css
INFO: [ app_init ] --START--
INFO: Run Behavior\BuildLiteBehavior [ RunTime:0.000000s ]
INFO: [ app_init ] --END-- [ RunTime:0.001000s ]
ERR: 无法加载模块:Public

[ 2016-11-22T11:04:31+08:00 ] 127.0.0.1 /Public/Home/zdy/Validform.js
INFO: [ app_init ] --START--
INFO: Run Behavior\BuildLiteBehavior [ RunTime:0.000000s ]
INFO: [ app_init ] --END-- [ RunTime:0.001000s ]
ERR: 无法加载模块:Public

[ 2016-11-22T11:04:31+08:00 ] 127.0.0.1 /Public/statics/bootstrap-3.3.5/css/bootstrap.min.css
INFO: [ app_init ] --START--
INFO: Run Behavior\BuildLiteBehavior [ RunTime:0.000000s ]
INFO: [ app_init ] --END-- [ RunTime:0.001000s ]
ERR: 无法加载模块:Public

[ 2016-11-22T11:04:31+08:00 ] 127.0.0.1 /Public/statics/bootstrap-3.3.5/css/bootstrap-theme.min.css
INFO: [ app_init ] --START--
INFO: Run Behavior\BuildLiteBehavior [ RunTime:0.000000s ]
INFO: [ app_init ] --END-- [ RunTime:0.001000s ]
ERR: 无法加载模块:Public

[ 2016-11-22T11:04:31+08:00 ] 127.0.0.1 /Public/Home/zdy/Validform.js
INFO: [ app_init ] --START--
INFO: Run Behavior\BuildLiteBehavior [ RunTime:0.001000s ]
INFO: [ app_init ] --END-- [ RunTime:0.001000s ]
ERR: 无法加载模块:Public

[ 2016-11-22T11:04:31+08:00 ] 127.0.0.1 /Public/statics/font-awesome-4.4.0/css/font-awesome.min.css
INFO: [ app_init ] --START--
INFO: Run Behavior\BuildLiteBehavior [ RunTime:0.000000s ]
INFO: [ app_init ] --END-- [ RunTime:0.001000s ]
ERR: 无法加载模块:Public

[ 2016-11-22T11:04:40+08:00 ] 127.0.0.1 /Public/Admin/css/bootstrap.min.css?v=3.4.0
INFO: [ app_init ] --START--
INFO: Run Behavior\BuildLiteBehavior [ RunTime:0.000000s ]
INFO: [ app_init ] --END-- [ RunTime:0.001000s ]
ERR: 无法加载模块:Public

[ 2016-11-22T11:04:40+08:00 ] 127.0.0.1 /Public/Admin/font-awesome/css/font-awesome.css?v=4.3.0
INFO: [ app_init ] --START--
INFO: Run Behavior\BuildLiteBehavior [ RunTime:0.000000s ]
INFO: [ app_init ] --END-- [ RunTime:0.001000s ]
ERR: 无法加载模块:Public

[ 2016-11-22T11:04:40+08:00 ] 127.0.0.1 /Public/Admin/css/animate.css
INFO: [ app_init ] --START--
INFO: Run Behavior\BuildLiteBehavior [ RunTime:0.000000s ]
INFO: [ app_init ] --END-- [ RunTime:0.001000s ]
ERR: 无法加载模块:Public

[ 2016-11-22T11:04:40+08:00 ] 127.0.0.1 /Public/Admin/css/style.css?v=2.2.0
INFO: [ app_init ] --START--
INFO: Run Behavior\BuildLiteBehavior [ RunTime:0.000000s ]
INFO: [ app_init ] --END-- [ RunTime:0.000000s ]
ERR: 无法加载模块:Public

[ 2016-11-22T11:04:47+08:00 ] 127.0.0.1 /Public/Admin/font-awesome/css/font-awesome.css?v=4.3.0
INFO: [ app_init ] --START--
INFO: Run Behavior\BuildLiteBehavior [ RunTime:0.000000s ]
INFO: [ app_init ] --END-- [ RunTime:0.001000s ]
ERR: 无法加载模块:Public

[ 2016-11-22T11:04:47+08:00 ] 127.0.0.1 /Public/Admin/css/bootstrap.min.css?v=3.4.0
INFO: [ app_init ] --START--
INFO: Run Behavior\BuildLiteBehavior [ RunTime:0.000000s ]
INFO: [ app_init ] --END-- [ RunTime:0.002000s ]
ERR: 无法加载模块:Public

[ 2016-11-22T11:04:47+08:00 ] 127.0.0.1 /Public/Admin/css/animate.css
INFO: [ app_init ] --START--
INFO: Run Behavior\BuildLiteBehavior [ RunTime:0.000000s ]
INFO: [ app_init ] --END-- [ RunTime:0.001000s ]
ERR: 无法加载模块:Public

[ 2016-11-22T11:04:47+08:00 ] 127.0.0.1 /Public/Admin/css/style.css?v=2.2.0
INFO: [ app_init ] --START--
INFO: Run Behavior\BuildLiteBehavior [ RunTime:0.000000s ]
INFO: [ app_init ] --END-- [ RunTime:0.001000s ]
ERR: 无法加载模块:Public

