[ 2016-11-16T17:34:27+08:00 ] 127.0.0.1 /admin
INFO: [ app_init ] --START--
INFO: Run Behavior\BuildLiteBehavior [ RunTime:0.000000s ]
INFO: [ app_init ] --END-- [ RunTime:0.002000s ]
INFO: [ app_begin ] --START--
INFO: Run Behavior\ReadHtmlCacheBehavior [ RunTime:0.001000s ]
INFO: [ app_begin ] --END-- [ RunTime:0.001000s ]
NOTIC: [2048] Declaration of Common\Model\AdminNavModel::getTreeData() should be compatible with Common\Model\BaseModel::getTreeData($type = 'tree', $order = '', $name = 'name', $child = 'id', $parent = 'pid') E:\wamp\www\layui\Application\Common\Model\AdminNavModel.class.php 第 7 行.
SQL: SHOW COLUMNS FROM `study_admin_nav` [ RunTime:0.0280s ]
SQL: SELECT * FROM `study_admin_nav` ORDER BY order_number is null,`order_number`,`id`  [ RunTime:0.0000s ]
NOTIC: [8] Undefined index: user E:\wamp\www\layui\Application\Common\Model\AdminNavModel.class.php 第 45 行.
SQL: SHOW COLUMNS FROM `study_auth_group_access` [ RunTime:0.0180s ]
SQL: SELECT `uid`,`group_id`,`title`,`rules` FROM study_auth_group_access a INNER JOIN study_auth_group g on a.group_id=g.id  WHERE ( a.uid='' and g.status='1' )  [ RunTime:0.0170s ]
NOTIC: [8] Undefined index: user E:\wamp\www\layui\Application\Common\Model\AdminNavModel.class.php 第 45 行.
INFO: [ view_parse ] --START--
INFO: [ template_filter ] --START--
INFO: Run Behavior\ContentReplaceBehavior [ RunTime:0.000000s ]
INFO: [ template_filter ] --END-- [ RunTime:0.000000s ]
INFO: Run Behavior\ParseTemplateBehavior [ RunTime:0.075004s ]
INFO: [ view_parse ] --END-- [ RunTime:0.076004s ]
INFO: [ view_filter ] --START--
INFO: Run Behavior\WriteHtmlCacheBehavior [ RunTime:0.001000s ]
INFO: [ view_filter ] --END-- [ RunTime:0.001000s ]
INFO: [ app_end ] --START--
INFO: Run Behavior\ShowPageTraceBehavior [ RunTime:0.001000s ]
INFO: [ app_end ] --END-- [ RunTime:0.001000s ]

[ 2016-11-16T17:34:39+08:00 ] 127.0.0.1 /admin/user/login
INFO: [ app_init ] --START--
INFO: Run Behavior\BuildLiteBehavior [ RunTime:0.000000s ]
INFO: [ app_init ] --END-- [ RunTime:0.001000s ]
INFO: [ app_begin ] --START--
INFO: Run Behavior\ReadHtmlCacheBehavior [ RunTime:0.001000s ]
INFO: [ app_begin ] --END-- [ RunTime:0.001000s ]
INFO: [ view_parse ] --START--
INFO: [ template_filter ] --START--
INFO: Run Behavior\ContentReplaceBehavior [ RunTime:0.000000s ]
INFO: [ template_filter ] --END-- [ RunTime:0.000000s ]
INFO: Run Behavior\ParseTemplateBehavior [ RunTime:0.036002s ]
INFO: [ view_parse ] --END-- [ RunTime:0.037002s ]
INFO: [ view_filter ] --START--
INFO: Run Behavior\WriteHtmlCacheBehavior [ RunTime:0.001000s ]
INFO: [ view_filter ] --END-- [ RunTime:0.001000s ]
INFO: [ app_end ] --START--
INFO: Run Behavior\ShowPageTraceBehavior [ RunTime:0.001000s ]
INFO: [ app_end ] --END-- [ RunTime:0.001000s ]

[ 2016-11-16T17:34:40+08:00 ] 127.0.0.1 /admin/user/__ADMIN_ACEADMIN__/css/ace-skins.min.css
INFO: [ app_init ] --START--
INFO: Run Behavior\BuildLiteBehavior [ RunTime:0.000000s ]
INFO: [ app_init ] --END-- [ RunTime:0.001001s ]
INFO: [ app_begin ] --START--
INFO: Run Behavior\ReadHtmlCacheBehavior [ RunTime:0.001000s ]
INFO: [ app_begin ] --END-- [ RunTime:0.002000s ]
ERR: 非法操作:__ADMIN_ACEADMIN__

[ 2016-11-16T17:34:40+08:00 ] 127.0.0.1 /admin/user/__ADMIN_ACEADMIN__/css/font-awesome-ie7.min.css
INFO: [ app_init ] --START--
INFO: Run Behavior\BuildLiteBehavior [ RunTime:0.000000s ]
INFO: [ app_init ] --END-- [ RunTime:0.001000s ]
INFO: [ app_begin ] --START--
INFO: Run Behavior\ReadHtmlCacheBehavior [ RunTime:0.001000s ]
INFO: [ app_begin ] --END-- [ RunTime:0.001000s ]
ERR: 非法操作:__ADMIN_ACEADMIN__

[ 2016-11-16T17:34:40+08:00 ] 127.0.0.1 /admin/user/__ADMIN_ACEADMIN__/css/font-awesome.min.css
INFO: [ app_init ] --START--
INFO: Run Behavior\BuildLiteBehavior [ RunTime:0.009000s ]
INFO: [ app_init ] --END-- [ RunTime:0.015001s ]
INFO: [ app_begin ] --START--
INFO: Run Behavior\ReadHtmlCacheBehavior [ RunTime:0.001000s ]
INFO: [ app_begin ] --END-- [ RunTime:0.001000s ]
ERR: 非法操作:__ADMIN_ACEADMIN__

[ 2016-11-16T17:34:40+08:00 ] 127.0.0.1 /admin/user/__ADMIN_ACEADMIN__/css/ace-ie.min.css
INFO: [ app_init ] --START--
INFO: Run Behavior\BuildLiteBehavior [ RunTime:0.000000s ]
INFO: [ app_init ] --END-- [ RunTime:0.001000s ]
INFO: [ app_begin ] --START--
INFO: Run Behavior\ReadHtmlCacheBehavior [ RunTime:0.001000s ]
INFO: [ app_begin ] --END-- [ RunTime:0.001000s ]
ERR: 非法操作:__ADMIN_ACEADMIN__

[ 2016-11-16T17:34:40+08:00 ] 127.0.0.1 /admin/user/__PUBLIC_CSS__/base.css
INFO: [ app_init ] --START--
INFO: Run Behavior\BuildLiteBehavior [ RunTime:0.000000s ]
INFO: [ app_init ] --END-- [ RunTime:0.001000s ]
INFO: [ app_begin ] --START--
INFO: Run Behavior\ReadHtmlCacheBehavior [ RunTime:0.001000s ]
INFO: [ app_begin ] --END-- [ RunTime:0.002000s ]
ERR: 非法操作:__PUBLIC_CSS__

[ 2016-11-16T17:34:40+08:00 ] 127.0.0.1 /admin/user/__ADMIN_ACEADMIN__/js/ace-extra.min.js
INFO: [ app_init ] --START--
INFO: Run Behavior\BuildLiteBehavior [ RunTime:0.000000s ]
INFO: [ app_init ] --END-- [ RunTime:0.005000s ]
INFO: [ app_begin ] --START--
INFO: Run Behavior\ReadHtmlCacheBehavior [ RunTime:0.001000s ]
INFO: [ app_begin ] --END-- [ RunTime:0.001000s ]
ERR: 非法操作:__ADMIN_ACEADMIN__

[ 2016-11-16T17:34:40+08:00 ] 127.0.0.1 /admin/user/__ADMIN_ACEADMIN__/js/html5shiv.js
INFO: [ app_init ] --START--
INFO: Run Behavior\BuildLiteBehavior [ RunTime:0.000000s ]
INFO: [ app_init ] --END-- [ RunTime:0.030002s ]
INFO: [ app_begin ] --START--
INFO: Run Behavior\ReadHtmlCacheBehavior [ RunTime:0.001000s ]
INFO: [ app_begin ] --END-- [ RunTime:0.002000s ]
ERR: 非法操作:__ADMIN_ACEADMIN__

[ 2016-11-16T17:34:40+08:00 ] 127.0.0.1 /admin/user/__ADMIN_ACEADMIN__/js/respond.min.js
INFO: [ app_init ] --START--
INFO: Run Behavior\BuildLiteBehavior [ RunTime:0.000000s ]
INFO: [ app_init ] --END-- [ RunTime:0.001000s ]
INFO: [ app_begin ] --START--
INFO: Run Behavior\ReadHtmlCacheBehavior [ RunTime:0.001000s ]
INFO: [ app_begin ] --END-- [ RunTime:0.001000s ]
ERR: 非法操作:__ADMIN_ACEADMIN__

[ 2016-11-16T17:34:40+08:00 ] 127.0.0.1 /admin/user/__ADMIN_ACEADMIN__/css/ace-rtl.min.css
INFO: [ app_init ] --START--
INFO: Run Behavior\BuildLiteBehavior [ RunTime:0.000000s ]
INFO: [ app_init ] --END-- [ RunTime:0.009000s ]
INFO: [ app_begin ] --START--
INFO: Run Behavior\ReadHtmlCacheBehavior [ RunTime:0.002000s ]
INFO: [ app_begin ] --END-- [ RunTime:0.002000s ]
ERR: 非法操作:__ADMIN_ACEADMIN__

[ 2016-11-16T17:34:40+08:00 ] 127.0.0.1 /admin/user/__ADMIN_ACEADMIN__/css/ace.min.css
INFO: [ app_init ] --START--
INFO: Run Behavior\BuildLiteBehavior [ RunTime:0.000000s ]
INFO: [ app_init ] --END-- [ RunTime:0.002000s ]
INFO: [ app_begin ] --START--
INFO: Run Behavior\ReadHtmlCacheBehavior [ RunTime:0.002000s ]
INFO: [ app_begin ] --END-- [ RunTime:0.006001s ]
ERR: 非法操作:__ADMIN_ACEADMIN__

[ 2016-11-16T17:34:40+08:00 ] 127.0.0.1 /admin/user/__ADMIN_ACEADMIN__/js/html5shiv.js
INFO: [ app_init ] --START--
INFO: Run Behavior\BuildLiteBehavior [ RunTime:0.000000s ]
INFO: [ app_init ] --END-- [ RunTime:0.001000s ]
INFO: [ app_begin ] --START--
INFO: Run Behavior\ReadHtmlCacheBehavior [ RunTime:0.002000s ]
INFO: [ app_begin ] --END-- [ RunTime:0.002000s ]
ERR: 非法操作:__ADMIN_ACEADMIN__

[ 2016-11-16T17:34:40+08:00 ] 127.0.0.1 /admin/user/__ADMIN_ACEADMIN__/js/respond.min.js
INFO: [ app_init ] --START--
INFO: Run Behavior\BuildLiteBehavior [ RunTime:0.001000s ]
INFO: [ app_init ] --END-- [ RunTime:0.001000s ]
INFO: [ app_begin ] --START--
INFO: Run Behavior\ReadHtmlCacheBehavior [ RunTime:0.001000s ]
INFO: [ app_begin ] --END-- [ RunTime:0.001000s ]
ERR: 非法操作:__ADMIN_ACEADMIN__

[ 2016-11-16T17:34:40+08:00 ] 127.0.0.1 /admin/user/__PUBLIC_CSS__/base.css
INFO: [ app_init ] --START--
INFO: Run Behavior\BuildLiteBehavior [ RunTime:0.000000s ]
INFO: [ app_init ] --END-- [ RunTime:0.001000s ]
INFO: [ app_begin ] --START--
INFO: Run Behavior\ReadHtmlCacheBehavior [ RunTime:0.002000s ]
INFO: [ app_begin ] --END-- [ RunTime:0.004000s ]
ERR: 非法操作:__PUBLIC_CSS__

[ 2016-11-16T17:34:46+08:00 ] 127.0.0.1 /Admin/User/login
INFO: [ app_init ] --START--
INFO: Run Behavior\BuildLiteBehavior [ RunTime:0.000000s ]
INFO: [ app_init ] --END-- [ RunTime:0.001000s ]
INFO: [ app_begin ] --START--
INFO: Run Behavior\ReadHtmlCacheBehavior [ RunTime:0.001000s ]
INFO: [ app_begin ] --END-- [ RunTime:0.001000s ]
SQL: SHOW COLUMNS FROM `study_users` [ RunTime:0.0390s ]
SQL: SELECT * FROM `study_users` WHERE `username` = 'admin' AND `password` = 'e10adc3949ba59abbe56e057f20f883e' LIMIT 1   [ RunTime:0.0000s ]
INFO: [ view_parse ] --START--
INFO: [ template_filter ] --START--
INFO: Run Behavior\ContentReplaceBehavior [ RunTime:0.000000s ]
INFO: [ template_filter ] --END-- [ RunTime:0.000000s ]
NOTIC: [8] Undefined variable: error E:\wamp\www\layui\Application\Runtime\Cache\Admin\54ea5460ecebae7636bd395d5beea6ce.php 第 27 行.
INFO: Run Behavior\ParseTemplateBehavior [ RunTime:0.022002s ]
INFO: [ view_parse ] --END-- [ RunTime:0.022002s ]
INFO: [ view_filter ] --START--
INFO: Run Behavior\WriteHtmlCacheBehavior [ RunTime:0.002000s ]
INFO: [ view_filter ] --END-- [ RunTime:0.002000s ]

[ 2016-11-16T17:34:48+08:00 ] 127.0.0.1 /Admin/Index/index
INFO: [ app_init ] --START--
INFO: Run Behavior\BuildLiteBehavior [ RunTime:0.000000s ]
INFO: [ app_init ] --END-- [ RunTime:0.000000s ]
INFO: [ app_begin ] --START--
INFO: Run Behavior\ReadHtmlCacheBehavior [ RunTime:0.001000s ]
INFO: [ app_begin ] --END-- [ RunTime:0.001000s ]
NOTIC: [2048] Declaration of Common\Model\AdminNavModel::getTreeData() should be compatible with Common\Model\BaseModel::getTreeData($type = 'tree', $order = '', $name = 'name', $child = 'id', $parent = 'pid') E:\wamp\www\layui\Application\Common\Model\AdminNavModel.class.php 第 7 行.
SQL: SHOW COLUMNS FROM `study_admin_nav` [ RunTime:0.0040s ]
SQL: SELECT * FROM `study_admin_nav` ORDER BY order_number is null,`order_number`,`id`  [ RunTime:0.0000s ]
SQL: SHOW COLUMNS FROM `study_auth_group_access` [ RunTime:0.0050s ]
SQL: SELECT `uid`,`group_id`,`title`,`rules` FROM study_auth_group_access a INNER JOIN study_auth_group g on a.group_id=g.id  WHERE ( a.uid='88' and g.status='1' )  [ RunTime:0.0010s ]
SQL: SHOW COLUMNS FROM `study_auth_rule` [ RunTime:0.0210s ]
SQL: SELECT `condition`,`name` FROM `study_auth_rule` WHERE `id` IN ('6','96','20','1','2','3','4','5','64','126','127','128','129','131','21','7','8','9','10','11','12','13','14','15','16','123','124','125','19','130') AND `type` = 1 AND `status` = 1  [ RunTime:0.0240s ]
INFO: [ view_parse ] --START--
INFO: [ template_filter ] --START--
INFO: Run Behavior\ContentReplaceBehavior [ RunTime:0.000000s ]
INFO: [ template_filter ] --END-- [ RunTime:0.000000s ]
INFO: Run Behavior\ParseTemplateBehavior [ RunTime:0.026001s ]
INFO: [ view_parse ] --END-- [ RunTime:0.027001s ]
INFO: [ view_filter ] --START--
INFO: Run Behavior\WriteHtmlCacheBehavior [ RunTime:0.000000s ]
INFO: [ view_filter ] --END-- [ RunTime:0.001001s ]
INFO: [ app_end ] --START--
INFO: Run Behavior\ShowPageTraceBehavior [ RunTime:0.001000s ]
INFO: [ app_end ] --END-- [ RunTime:0.001000s ]

[ 2016-11-16T17:34:50+08:00 ] 127.0.0.1 /Admin/Nav/index
INFO: [ app_init ] --START--
INFO: Run Behavior\BuildLiteBehavior [ RunTime:0.000000s ]
INFO: [ app_init ] --END-- [ RunTime:0.002000s ]
INFO: [ app_begin ] --START--
INFO: Run Behavior\ReadHtmlCacheBehavior [ RunTime:0.001001s ]
INFO: [ app_begin ] --END-- [ RunTime:0.001001s ]
NOTIC: [2048] Declaration of Common\Model\AdminNavModel::getTreeData() should be compatible with Common\Model\BaseModel::getTreeData($type = 'tree', $order = '', $name = 'name', $child = 'id', $parent = 'pid') E:\wamp\www\layui\Application\Common\Model\AdminNavModel.class.php 第 7 行.
SQL: SHOW COLUMNS FROM `study_admin_nav` [ RunTime:0.0070s ]
SQL: SELECT * FROM `study_admin_nav` ORDER BY order_number is null,`order_number`,`id`  [ RunTime:0.0010s ]
SQL: SHOW COLUMNS FROM `study_auth_group_access` [ RunTime:0.0040s ]
SQL: SELECT `uid`,`group_id`,`title`,`rules` FROM study_auth_group_access a INNER JOIN study_auth_group g on a.group_id=g.id  WHERE ( a.uid='88' and g.status='1' )  [ RunTime:0.0010s ]
SQL: SHOW COLUMNS FROM `study_auth_rule` [ RunTime:0.0040s ]
SQL: SELECT `condition`,`name` FROM `study_auth_rule` WHERE `id` IN ('6','96','20','1','2','3','4','5','64','126','127','128','129','131','21','7','8','9','10','11','12','13','14','15','16','123','124','125','19','130') AND `type` = 1 AND `status` = 1  [ RunTime:0.0010s ]
SQL: SELECT * FROM `study_admin_nav` ORDER BY order_number is null,`order_number`,`id`  [ RunTime:0.0010s ]
INFO: [ view_parse ] --START--
INFO: [ template_filter ] --START--
INFO: Run Behavior\ContentReplaceBehavior [ RunTime:0.000000s ]
INFO: [ template_filter ] --END-- [ RunTime:0.001000s ]
INFO: Run Behavior\ParseTemplateBehavior [ RunTime:0.058003s ]
INFO: [ view_parse ] --END-- [ RunTime:0.059003s ]
INFO: [ view_filter ] --START--
INFO: Run Behavior\WriteHtmlCacheBehavior [ RunTime:0.001000s ]
INFO: [ view_filter ] --END-- [ RunTime:0.001000s ]
INFO: [ app_end ] --START--
INFO: Run Behavior\ShowPageTraceBehavior [ RunTime:0.001000s ]
INFO: [ app_end ] --END-- [ RunTime:0.001000s ]

[ 2016-11-16T17:34:51+08:00 ] 127.0.0.1 /Admin/Category/catLis
INFO: [ app_init ] --START--
INFO: Run Behavior\BuildLiteBehavior [ RunTime:0.000000s ]
INFO: [ app_init ] --END-- [ RunTime:0.001000s ]
INFO: [ app_begin ] --START--
INFO: Run Behavior\ReadHtmlCacheBehavior [ RunTime:0.000000s ]
INFO: [ app_begin ] --END-- [ RunTime:0.002000s ]
NOTIC: [2048] Declaration of Common\Model\AdminNavModel::getTreeData() should be compatible with Common\Model\BaseModel::getTreeData($type = 'tree', $order = '', $name = 'name', $child = 'id', $parent = 'pid') E:\wamp\www\layui\Application\Common\Model\AdminNavModel.class.php 第 7 行.
SQL: SHOW COLUMNS FROM `study_admin_nav` [ RunTime:0.0040s ]
SQL: SELECT * FROM `study_admin_nav` ORDER BY order_number is null,`order_number`,`id`  [ RunTime:0.0010s ]
SQL: SHOW COLUMNS FROM `study_auth_group_access` [ RunTime:0.0050s ]
SQL: SELECT `uid`,`group_id`,`title`,`rules` FROM study_auth_group_access a INNER JOIN study_auth_group g on a.group_id=g.id  WHERE ( a.uid='88' and g.status='1' )  [ RunTime:0.0010s ]
SQL: SHOW COLUMNS FROM `study_auth_rule` [ RunTime:0.0050s ]
SQL: SELECT `condition`,`name` FROM `study_auth_rule` WHERE `id` IN ('6','96','20','1','2','3','4','5','64','126','127','128','129','131','21','7','8','9','10','11','12','13','14','15','16','123','124','125','19','130') AND `type` = 1 AND `status` = 1  [ RunTime:0.0010s ]
NOTIC: [2048] Declaration of Common\Model\CategoryModel::_before_update() should be compatible with Think\Model::_before_update(&$data, $options) E:\wamp\www\layui\Application\Common\Model\CategoryModel.class.php 第 144 行.
SQL: SHOW COLUMNS FROM `study_category` [ RunTime:0.0140s ]
SQL: SELECT * FROM `study_category` ORDER BY `sort_num`  [ RunTime:0.0010s ]
SQL: SELECT * FROM `study_category`  [ RunTime:0.0010s ]
SQL: SELECT * FROM `study_category`  [ RunTime:0.0000s ]
SQL: SELECT * FROM `study_category`  [ RunTime:0.0010s ]
SQL: SELECT * FROM `study_category`  [ RunTime:0.0000s ]
SQL: SELECT * FROM `study_category`  [ RunTime:0.0010s ]
SQL: SELECT * FROM `study_category`  [ RunTime:0.0000s ]
SQL: SELECT * FROM `study_category`  [ RunTime:0.0010s ]
SQL: SELECT * FROM `study_category`  [ RunTime:0.0020s ]
SQL: SELECT * FROM `study_category`  [ RunTime:0.0010s ]
SQL: SELECT * FROM `study_category`  [ RunTime:0.0000s ]
SQL: SELECT * FROM `study_category`  [ RunTime:0.0010s ]
SQL: SELECT * FROM `study_category`  [ RunTime:0.0010s ]
SQL: SELECT * FROM `study_category`  [ RunTime:0.0000s ]
SQL: SELECT * FROM `study_category`  [ RunTime:0.0010s ]
SQL: SELECT * FROM `study_category`  [ RunTime:0.0000s ]
SQL: SELECT * FROM `study_category`  [ RunTime:0.0010s ]
SQL: SELECT * FROM `study_category`  [ RunTime:0.0000s ]
SQL: SELECT * FROM `study_category`  [ RunTime:0.0010s ]
SQL: SELECT * FROM `study_category`  [ RunTime:0.0010s ]
SQL: SELECT * FROM `study_category`  [ RunTime:0.0010s ]
SQL: SELECT * FROM `study_category`  [ RunTime:0.0010s ]
SQL: SELECT * FROM `study_category`  [ RunTime:0.0010s ]
SQL: SELECT * FROM `study_category`  [ RunTime:0.0000s ]
SQL: SELECT * FROM `study_category`  [ RunTime:0.0010s ]
SQL: SELECT * FROM `study_category`  [ RunTime:0.0010s ]
SQL: SELECT * FROM `study_category`  [ RunTime:0.0010s ]
SQL: SELECT * FROM `study_category`  [ RunTime:0.0000s ]
SQL: SELECT * FROM `study_category`  [ RunTime:0.0000s ]
SQL: SELECT * FROM `study_category`  [ RunTime:0.0010s ]
SQL: SELECT * FROM `study_category`  [ RunTime:0.0000s ]
SQL: SELECT * FROM `study_category`  [ RunTime:0.0000s ]
SQL: SELECT * FROM `study_category`  [ RunTime:0.0010s ]
SQL: SELECT * FROM `study_category`  [ RunTime:0.0010s ]
SQL: SELECT * FROM `study_category`  [ RunTime:0.0010s ]
SQL: SELECT * FROM `study_category`  [ RunTime:0.0010s ]
SQL: SELECT * FROM `study_category`  [ RunTime:0.0010s ]
SQL: SELECT * FROM `study_category`  [ RunTime:0.0000s ]
SQL: SELECT * FROM `study_category`  [ RunTime:0.0010s ]
SQL: SELECT * FROM `study_category`  [ RunTime:0.0000s ]
SQL: SELECT * FROM `study_category`  [ RunTime:0.0010s ]
SQL: SELECT * FROM `study_category`  [ RunTime:0.0010s ]
SQL: SELECT * FROM `study_category`  [ RunTime:0.0010s ]
SQL: SELECT * FROM `study_category`  [ RunTime:0.0000s ]
SQL: SELECT * FROM `study_category`  [ RunTime:0.0010s ]
SQL: SELECT * FROM `study_category`  [ RunTime:0.0010s ]
SQL: SELECT * FROM `study_category`  [ RunTime:0.0000s ]
INFO: [ view_parse ] --START--
INFO: [ template_filter ] --START--
INFO: Run Behavior\ContentReplaceBehavior [ RunTime:0.000000s ]
INFO: [ template_filter ] --END-- [ RunTime:0.001000s ]
NOTIC: [8] Use of undefined constant Self - assumed 'Self' E:\wamp\www\layui\Application\Runtime\Cache\Admin\2657881e7b4c60d4bd31896cbd54a3dd.php 第 106 行.
NOTIC: [8] Use of undefined constant Self - assumed 'Self' E:\wamp\www\layui\Application\Runtime\Cache\Admin\2657881e7b4c60d4bd31896cbd54a3dd.php 第 106 行.
NOTIC: [8] Use of undefined constant Self - assumed 'Self' E:\wamp\www\layui\Application\Runtime\Cache\Admin\2657881e7b4c60d4bd31896cbd54a3dd.php 第 106 行.
NOTIC: [8] Use of undefined constant Self - assumed 'Self' E:\wamp\www\layui\Application\Runtime\Cache\Admin\2657881e7b4c60d4bd31896cbd54a3dd.php 第 106 行.
NOTIC: [8] Use of undefined constant Self - assumed 'Self' E:\wamp\www\layui\Application\Runtime\Cache\Admin\2657881e7b4c60d4bd31896cbd54a3dd.php 第 106 行.
NOTIC: [8] Use of undefined constant Self - assumed 'Self' E:\wamp\www\layui\Application\Runtime\Cache\Admin\2657881e7b4c60d4bd31896cbd54a3dd.php 第 106 行.
NOTIC: [8] Use of undefined constant Self - assumed 'Self' E:\wamp\www\layui\Application\Runtime\Cache\Admin\2657881e7b4c60d4bd31896cbd54a3dd.php 第 106 行.
NOTIC: [8] Use of undefined constant Self - assumed 'Self' E:\wamp\www\layui\Application\Runtime\Cache\Admin\2657881e7b4c60d4bd31896cbd54a3dd.php 第 106 行.
NOTIC: [8] Use of undefined constant Self - assumed 'Self' E:\wamp\www\layui\Application\Runtime\Cache\Admin\2657881e7b4c60d4bd31896cbd54a3dd.php 第 106 行.
NOTIC: [8] Use of undefined constant Self - assumed 'Self' E:\wamp\www\layui\Application\Runtime\Cache\Admin\2657881e7b4c60d4bd31896cbd54a3dd.php 第 106 行.
NOTIC: [8] Use of undefined constant Self - assumed 'Self' E:\wamp\www\layui\Application\Runtime\Cache\Admin\2657881e7b4c60d4bd31896cbd54a3dd.php 第 106 行.
NOTIC: [8] Use of undefined constant Self - assumed 'Self' E:\wamp\www\layui\Application\Runtime\Cache\Admin\2657881e7b4c60d4bd31896cbd54a3dd.php 第 106 行.
NOTIC: [8] Use of undefined constant Self - assumed 'Self' E:\wamp\www\layui\Application\Runtime\Cache\Admin\2657881e7b4c60d4bd31896cbd54a3dd.php 第 106 行.
NOTIC: [8] Use of undefined constant Self - assumed 'Self' E:\wamp\www\layui\Application\Runtime\Cache\Admin\2657881e7b4c60d4bd31896cbd54a3dd.php 第 106 行.
NOTIC: [8] Use of undefined constant Self - assumed 'Self' E:\wamp\www\layui\Application\Runtime\Cache\Admin\2657881e7b4c60d4bd31896cbd54a3dd.php 第 106 行.
INFO: Run Behavior\ParseTemplateBehavior [ RunTime:0.056003s ]
INFO: [ view_parse ] --END-- [ RunTime:0.056003s ]
INFO: [ view_filter ] --START--
INFO: Run Behavior\WriteHtmlCacheBehavior [ RunTime:0.000000s ]
INFO: [ view_filter ] --END-- [ RunTime:0.001001s ]
INFO: [ app_end ] --START--
INFO: Run Behavior\ShowPageTraceBehavior [ RunTime:0.001000s ]
INFO: [ app_end ] --END-- [ RunTime:0.001000s ]

[ 2016-11-16T18:23:52+08:00 ] 127.0.0.1 /admin/active/test
INFO: [ app_init ] --START--
INFO: Run Behavior\BuildLiteBehavior [ RunTime:0.000000s ]
INFO: [ app_init ] --END-- [ RunTime:0.001000s ]
INFO: [ app_begin ] --START--
INFO: Run Behavior\ReadHtmlCacheBehavior [ RunTime:0.001000s ]
INFO: [ app_begin ] --END-- [ RunTime:0.001000s ]

[ 2016-11-16T18:24:16+08:00 ] 127.0.0.1 /admin/active/test
INFO: [ app_init ] --START--
INFO: Run Behavior\BuildLiteBehavior [ RunTime:0.000000s ]
INFO: [ app_init ] --END-- [ RunTime:0.001000s ]
INFO: [ app_begin ] --START--
INFO: Run Behavior\ReadHtmlCacheBehavior [ RunTime:0.002000s ]
INFO: [ app_begin ] --END-- [ RunTime:0.003001s ]
NOTIC: [2048] Declaration of Common\Model\AdminNavModel::getTreeData() should be compatible with Common\Model\BaseModel::getTreeData($type = 'tree', $order = '', $name = 'name', $child = 'id', $parent = 'pid') E:\wamp\www\layui\Application\Common\Model\AdminNavModel.class.php 第 7 行.
SQL: SHOW COLUMNS FROM `study_admin_nav` [ RunTime:0.0690s ]
SQL: SELECT * FROM `study_admin_nav` ORDER BY order_number is null,`order_number`,`id`  [ RunTime:0.0320s ]
NOTIC: [8] Undefined index: user E:\wamp\www\layui\Application\Common\Model\AdminNavModel.class.php 第 45 行.
SQL: SHOW COLUMNS FROM `study_auth_group_access` [ RunTime:0.0070s ]
SQL: SELECT `uid`,`group_id`,`title`,`rules` FROM study_auth_group_access a INNER JOIN study_auth_group g on a.group_id=g.id  WHERE ( a.uid='' and g.status='1' )  [ RunTime:0.0090s ]
NOTIC: [8] Undefined index: user E:\wamp\www\layui\Application\Common\Model\AdminNavModel.class.php 第 45 行.
INFO: [ view_parse ] --START--
INFO: [ template_filter ] --START--
INFO: Run Behavior\ContentReplaceBehavior [ RunTime:0.019001s ]
INFO: [ template_filter ] --END-- [ RunTime:0.019001s ]
INFO: Run Behavior\ParseTemplateBehavior [ RunTime:0.095005s ]
INFO: [ view_parse ] --END-- [ RunTime:0.095005s ]
INFO: [ view_filter ] --START--
INFO: Run Behavior\WriteHtmlCacheBehavior [ RunTime:0.008001s ]
INFO: [ view_filter ] --END-- [ RunTime:0.009001s ]
INFO: [ app_end ] --START--
INFO: Run Behavior\ShowPageTraceBehavior [ RunTime:0.009000s ]
INFO: [ app_end ] --END-- [ RunTime:0.009000s ]

[ 2016-11-16T18:24:32+08:00 ] 127.0.0.1 /admin/active/jquery.json-2.4.js?_=1479291872142
INFO: [ app_init ] --START--
INFO: Run Behavior\BuildLiteBehavior [ RunTime:0.000000s ]
INFO: [ app_init ] --END-- [ RunTime:0.002000s ]
INFO: [ app_begin ] --START--
INFO: Run Behavior\ReadHtmlCacheBehavior [ RunTime:0.001000s ]
INFO: [ app_begin ] --END-- [ RunTime:0.001000s ]
NOTIC: [2048] Declaration of Common\Model\AdminNavModel::getTreeData() should be compatible with Common\Model\BaseModel::getTreeData($type = 'tree', $order = '', $name = 'name', $child = 'id', $parent = 'pid') E:\wamp\www\layui\Application\Common\Model\AdminNavModel.class.php 第 7 行.
SQL: SHOW COLUMNS FROM `study_admin_nav` [ RunTime:0.0080s ]
SQL: SELECT * FROM `study_admin_nav` ORDER BY order_number is null,`order_number`,`id`  [ RunTime:0.0010s ]
NOTIC: [8] Undefined index: user E:\wamp\www\layui\Application\Common\Model\AdminNavModel.class.php 第 45 行.
SQL: SHOW COLUMNS FROM `study_auth_group_access` [ RunTime:0.0050s ]
SQL: SELECT `uid`,`group_id`,`title`,`rules` FROM study_auth_group_access a INNER JOIN study_auth_group g on a.group_id=g.id  WHERE ( a.uid='' and g.status='1' )  [ RunTime:0.0010s ]
NOTIC: [8] Undefined index: user E:\wamp\www\layui\Application\Common\Model\AdminNavModel.class.php 第 45 行.
ERR: 非法操作:jquery.json-2.4

[ 2016-11-16T18:24:49+08:00 ] 127.0.0.1 /admin/active/user/login
INFO: [ app_init ] --START--
INFO: Run Behavior\BuildLiteBehavior [ RunTime:0.000000s ]
INFO: [ app_init ] --END-- [ RunTime:0.000000s ]
INFO: [ app_begin ] --START--
INFO: Run Behavior\ReadHtmlCacheBehavior [ RunTime:0.002000s ]
INFO: [ app_begin ] --END-- [ RunTime:0.002000s ]
NOTIC: [2048] Declaration of Common\Model\AdminNavModel::getTreeData() should be compatible with Common\Model\BaseModel::getTreeData($type = 'tree', $order = '', $name = 'name', $child = 'id', $parent = 'pid') E:\wamp\www\layui\Application\Common\Model\AdminNavModel.class.php 第 7 行.
SQL: SHOW COLUMNS FROM `study_admin_nav` [ RunTime:0.0040s ]
SQL: SELECT * FROM `study_admin_nav` ORDER BY order_number is null,`order_number`,`id`  [ RunTime:0.0010s ]
NOTIC: [8] Undefined index: user E:\wamp\www\layui\Application\Common\Model\AdminNavModel.class.php 第 45 行.
SQL: SHOW COLUMNS FROM `study_auth_group_access` [ RunTime:0.0040s ]
SQL: SELECT `uid`,`group_id`,`title`,`rules` FROM study_auth_group_access a INNER JOIN study_auth_group g on a.group_id=g.id  WHERE ( a.uid='' and g.status='1' )  [ RunTime:0.0010s ]
NOTIC: [8] Undefined index: user E:\wamp\www\layui\Application\Common\Model\AdminNavModel.class.php 第 45 行.
ERR: 非法操作:user

[ 2016-11-16T18:24:57+08:00 ] 127.0.0.1 /admin/user/login
INFO: [ app_init ] --START--
INFO: Run Behavior\BuildLiteBehavior [ RunTime:0.000000s ]
INFO: [ app_init ] --END-- [ RunTime:0.001000s ]
INFO: [ app_begin ] --START--
INFO: Run Behavior\ReadHtmlCacheBehavior [ RunTime:0.001000s ]
INFO: [ app_begin ] --END-- [ RunTime:0.001000s ]
INFO: [ view_parse ] --START--
INFO: [ template_filter ] --START--
INFO: Run Behavior\ContentReplaceBehavior [ RunTime:0.000000s ]
INFO: [ template_filter ] --END-- [ RunTime:0.001000s ]
INFO: Run Behavior\ParseTemplateBehavior [ RunTime:0.026002s ]
INFO: [ view_parse ] --END-- [ RunTime:0.026002s ]
INFO: [ view_filter ] --START--
INFO: Run Behavior\WriteHtmlCacheBehavior [ RunTime:0.000000s ]
INFO: [ view_filter ] --END-- [ RunTime:0.000000s ]
INFO: [ app_end ] --START--
INFO: Run Behavior\ShowPageTraceBehavior [ RunTime:0.001000s ]
INFO: [ app_end ] --END-- [ RunTime:0.001000s ]

[ 2016-11-16T18:24:57+08:00 ] 127.0.0.1 /admin/user/__ADMIN_ACEADMIN__/css/font-awesome-ie7.min.css
INFO: [ app_init ] --START--
INFO: Run Behavior\BuildLiteBehavior [ RunTime:0.000000s ]
INFO: [ app_init ] --END-- [ RunTime:0.001000s ]
INFO: [ app_begin ] --START--
INFO: Run Behavior\ReadHtmlCacheBehavior [ RunTime:0.001000s ]
INFO: [ app_begin ] --END-- [ RunTime:0.001000s ]
ERR: 非法操作:__ADMIN_ACEADMIN__

[ 2016-11-16T18:24:57+08:00 ] 127.0.0.1 /admin/user/__ADMIN_ACEADMIN__/css/ace-skins.min.css
INFO: [ app_init ] --START--
INFO: Run Behavior\BuildLiteBehavior [ RunTime:0.000000s ]
INFO: [ app_init ] --END-- [ RunTime:0.001000s ]
INFO: [ app_begin ] --START--
INFO: Run Behavior\ReadHtmlCacheBehavior [ RunTime:0.002000s ]
INFO: [ app_begin ] --END-- [ RunTime:0.002000s ]
ERR: 非法操作:__ADMIN_ACEADMIN__

[ 2016-11-16T18:24:57+08:00 ] 127.0.0.1 /admin/user/__ADMIN_ACEADMIN__/css/ace-ie.min.css
INFO: [ app_init ] --START--
INFO: Run Behavior\BuildLiteBehavior [ RunTime:0.000000s ]
INFO: [ app_init ] --END-- [ RunTime:0.001001s ]
INFO: [ app_begin ] --START--
INFO: Run Behavior\ReadHtmlCacheBehavior [ RunTime:0.001000s ]
INFO: [ app_begin ] --END-- [ RunTime:0.001000s ]
ERR: 非法操作:__ADMIN_ACEADMIN__

[ 2016-11-16T18:24:57+08:00 ] 127.0.0.1 /admin/user/__ADMIN_ACEADMIN__/css/font-awesome.min.css
INFO: [ app_init ] --START--
INFO: Run Behavior\BuildLiteBehavior [ RunTime:0.000000s ]
INFO: [ app_init ] --END-- [ RunTime:0.001000s ]
INFO: [ app_begin ] --START--
INFO: Run Behavior\ReadHtmlCacheBehavior [ RunTime:0.002000s ]
INFO: [ app_begin ] --END-- [ RunTime:0.002000s ]
ERR: 非法操作:__ADMIN_ACEADMIN__

[ 2016-11-16T18:24:57+08:00 ] 127.0.0.1 /admin/user/__ADMIN_ACEADMIN__/css/ace-rtl.min.css
INFO: [ app_init ] --START--
INFO: Run Behavior\BuildLiteBehavior [ RunTime:0.000000s ]
INFO: [ app_init ] --END-- [ RunTime:0.001000s ]
INFO: [ app_begin ] --START--
INFO: Run Behavior\ReadHtmlCacheBehavior [ RunTime:0.001000s ]
INFO: [ app_begin ] --END-- [ RunTime:0.002000s ]
ERR: 非法操作:__ADMIN_ACEADMIN__

[ 2016-11-16T18:24:57+08:00 ] 127.0.0.1 /admin/user/__PUBLIC_CSS__/base.css
INFO: [ app_init ] --START--
INFO: Run Behavior\BuildLiteBehavior [ RunTime:0.001000s ]
INFO: [ app_init ] --END-- [ RunTime:0.001000s ]
INFO: [ app_begin ] --START--
INFO: Run Behavior\ReadHtmlCacheBehavior [ RunTime:0.001000s ]
INFO: [ app_begin ] --END-- [ RunTime:0.002000s ]
ERR: 非法操作:__PUBLIC_CSS__

[ 2016-11-16T18:24:57+08:00 ] 127.0.0.1 /admin/user/__ADMIN_ACEADMIN__/js/ace-extra.min.js
INFO: [ app_init ] --START--
INFO: Run Behavior\BuildLiteBehavior [ RunTime:0.001000s ]
INFO: [ app_init ] --END-- [ RunTime:0.001000s ]
INFO: [ app_begin ] --START--
INFO: Run Behavior\ReadHtmlCacheBehavior [ RunTime:0.017001s ]
INFO: [ app_begin ] --END-- [ RunTime:0.018001s ]
ERR: 非法操作:__ADMIN_ACEADMIN__

[ 2016-11-16T18:24:57+08:00 ] 127.0.0.1 /admin/user/__ADMIN_ACEADMIN__/js/html5shiv.js
INFO: [ app_init ] --START--
INFO: Run Behavior\BuildLiteBehavior [ RunTime:0.000000s ]
INFO: [ app_init ] --END-- [ RunTime:0.002000s ]
INFO: [ app_begin ] --START--
INFO: Run Behavior\ReadHtmlCacheBehavior [ RunTime:0.001000s ]
INFO: [ app_begin ] --END-- [ RunTime:0.003000s ]
ERR: 非法操作:__ADMIN_ACEADMIN__

[ 2016-11-16T18:24:57+08:00 ] 127.0.0.1 /admin/user/__ADMIN_ACEADMIN__/js/respond.min.js
INFO: [ app_init ] --START--
INFO: Run Behavior\BuildLiteBehavior [ RunTime:0.000000s ]
INFO: [ app_init ] --END-- [ RunTime:0.001000s ]
INFO: [ app_begin ] --START--
INFO: Run Behavior\ReadHtmlCacheBehavior [ RunTime:0.001000s ]
INFO: [ app_begin ] --END-- [ RunTime:0.002000s ]
ERR: 非法操作:__ADMIN_ACEADMIN__

[ 2016-11-16T18:24:57+08:00 ] 127.0.0.1 /admin/user/__ADMIN_ACEADMIN__/css/ace.min.css
INFO: [ app_init ] --START--
INFO: Run Behavior\BuildLiteBehavior [ RunTime:0.003000s ]
INFO: [ app_init ] --END-- [ RunTime:0.007001s ]
INFO: [ app_begin ] --START--
INFO: Run Behavior\ReadHtmlCacheBehavior [ RunTime:0.004000s ]
INFO: [ app_begin ] --END-- [ RunTime:0.004000s ]
ERR: 非法操作:__ADMIN_ACEADMIN__

[ 2016-11-16T18:24:57+08:00 ] 127.0.0.1 /admin/user/__ADMIN_ACEADMIN__/js/html5shiv.js
INFO: [ app_init ] --START--
INFO: Run Behavior\BuildLiteBehavior [ RunTime:0.000000s ]
INFO: [ app_init ] --END-- [ RunTime:0.001000s ]
INFO: [ app_begin ] --START--
INFO: Run Behavior\ReadHtmlCacheBehavior [ RunTime:0.001000s ]
INFO: [ app_begin ] --END-- [ RunTime:0.001000s ]
ERR: 非法操作:__ADMIN_ACEADMIN__

[ 2016-11-16T18:24:57+08:00 ] 127.0.0.1 /admin/user/__ADMIN_ACEADMIN__/js/respond.min.js
INFO: [ app_init ] --START--
INFO: Run Behavior\BuildLiteBehavior [ RunTime:0.000000s ]
INFO: [ app_init ] --END-- [ RunTime:0.001000s ]
INFO: [ app_begin ] --START--
INFO: Run Behavior\ReadHtmlCacheBehavior [ RunTime:0.001000s ]
INFO: [ app_begin ] --END-- [ RunTime:0.001000s ]
ERR: 非法操作:__ADMIN_ACEADMIN__

[ 2016-11-16T18:24:57+08:00 ] 127.0.0.1 /admin/user/__PUBLIC_CSS__/base.css
INFO: [ app_init ] --START--
INFO: Run Behavior\BuildLiteBehavior [ RunTime:0.000000s ]
INFO: [ app_init ] --END-- [ RunTime:0.001000s ]
INFO: [ app_begin ] --START--
INFO: Run Behavior\ReadHtmlCacheBehavior [ RunTime:0.002000s ]
INFO: [ app_begin ] --END-- [ RunTime:0.002000s ]
ERR: 非法操作:__PUBLIC_CSS__

[ 2016-11-16T18:25:02+08:00 ] 127.0.0.1 /Admin/User/login
INFO: [ app_init ] --START--
INFO: Run Behavior\BuildLiteBehavior [ RunTime:0.000000s ]
INFO: [ app_init ] --END-- [ RunTime:0.001000s ]
INFO: [ app_begin ] --START--
INFO: Run Behavior\ReadHtmlCacheBehavior [ RunTime:0.001000s ]
INFO: [ app_begin ] --END-- [ RunTime:0.002000s ]
SQL: SHOW COLUMNS FROM `study_users` [ RunTime:0.0040s ]
SQL: SELECT * FROM `study_users` WHERE `username` = 'admin' AND `password` = 'e10adc3949ba59abbe56e057f20f883e' LIMIT 1   [ RunTime:0.0000s ]
INFO: [ view_parse ] --START--
INFO: [ template_filter ] --START--
INFO: Run Behavior\ContentReplaceBehavior [ RunTime:0.000000s ]
INFO: [ template_filter ] --END-- [ RunTime:0.000000s ]
NOTIC: [8] Undefined variable: error E:\wamp\www\layui\Application\Runtime\Cache\Admin\54ea5460ecebae7636bd395d5beea6ce.php 第 27 行.
INFO: Run Behavior\ParseTemplateBehavior [ RunTime:0.030002s ]
INFO: [ view_parse ] --END-- [ RunTime:0.031002s ]
INFO: [ view_filter ] --START--
INFO: Run Behavior\WriteHtmlCacheBehavior [ RunTime:0.001000s ]
INFO: [ view_filter ] --END-- [ RunTime:0.001000s ]

[ 2016-11-16T18:25:04+08:00 ] 127.0.0.1 /Admin/Index/index
INFO: [ app_init ] --START--
INFO: Run Behavior\BuildLiteBehavior [ RunTime:0.000000s ]
INFO: [ app_init ] --END-- [ RunTime:0.001000s ]
INFO: [ app_begin ] --START--
INFO: Run Behavior\ReadHtmlCacheBehavior [ RunTime:0.001000s ]
INFO: [ app_begin ] --END-- [ RunTime:0.001000s ]
NOTIC: [2048] Declaration of Common\Model\AdminNavModel::getTreeData() should be compatible with Common\Model\BaseModel::getTreeData($type = 'tree', $order = '', $name = 'name', $child = 'id', $parent = 'pid') E:\wamp\www\layui\Application\Common\Model\AdminNavModel.class.php 第 7 行.
SQL: SHOW COLUMNS FROM `study_admin_nav` [ RunTime:0.0050s ]
SQL: SELECT * FROM `study_admin_nav` ORDER BY order_number is null,`order_number`,`id`  [ RunTime:0.0000s ]
SQL: SHOW COLUMNS FROM `study_auth_group_access` [ RunTime:0.0050s ]
SQL: SELECT `uid`,`group_id`,`title`,`rules` FROM study_auth_group_access a INNER JOIN study_auth_group g on a.group_id=g.id  WHERE ( a.uid='88' and g.status='1' )  [ RunTime:0.0010s ]
SQL: SHOW COLUMNS FROM `study_auth_rule` [ RunTime:0.0070s ]
SQL: SELECT `condition`,`name` FROM `study_auth_rule` WHERE `id` IN ('6','96','20','1','2','3','4','5','64','126','127','128','129','131','21','7','8','9','10','11','12','13','14','15','16','123','124','125','19','130') AND `type` = 1 AND `status` = 1  [ RunTime:0.0330s ]
INFO: [ view_parse ] --START--
INFO: [ template_filter ] --START--
INFO: Run Behavior\ContentReplaceBehavior [ RunTime:0.000000s ]
INFO: [ template_filter ] --END-- [ RunTime:0.000000s ]
INFO: Run Behavior\ParseTemplateBehavior [ RunTime:0.039002s ]
INFO: [ view_parse ] --END-- [ RunTime:0.040002s ]
INFO: [ view_filter ] --START--
INFO: Run Behavior\WriteHtmlCacheBehavior [ RunTime:0.001000s ]
INFO: [ view_filter ] --END-- [ RunTime:0.001000s ]
INFO: [ app_end ] --START--
INFO: Run Behavior\ShowPageTraceBehavior [ RunTime:0.001000s ]
INFO: [ app_end ] --END-- [ RunTime:0.001000s ]

[ 2016-11-16T18:25:06+08:00 ] 127.0.0.1 /Admin/Nav/index
INFO: [ app_init ] --START--
INFO: Run Behavior\BuildLiteBehavior [ RunTime:0.000000s ]
INFO: [ app_init ] --END-- [ RunTime:0.001000s ]
INFO: [ app_begin ] --START--
INFO: Run Behavior\ReadHtmlCacheBehavior [ RunTime:0.001000s ]
INFO: [ app_begin ] --END-- [ RunTime:0.002000s ]
NOTIC: [2048] Declaration of Common\Model\AdminNavModel::getTreeData() should be compatible with Common\Model\BaseModel::getTreeData($type = 'tree', $order = '', $name = 'name', $child = 'id', $parent = 'pid') E:\wamp\www\layui\Application\Common\Model\AdminNavModel.class.php 第 7 行.
SQL: SHOW COLUMNS FROM `study_admin_nav` [ RunTime:0.0050s ]
SQL: SELECT * FROM `study_admin_nav` ORDER BY order_number is null,`order_number`,`id`  [ RunTime:0.0000s ]
SQL: SHOW COLUMNS FROM `study_auth_group_access` [ RunTime:0.0070s ]
SQL: SELECT `uid`,`group_id`,`title`,`rules` FROM study_auth_group_access a INNER JOIN study_auth_group g on a.group_id=g.id  WHERE ( a.uid='88' and g.status='1' )  [ RunTime:0.0010s ]
SQL: SHOW COLUMNS FROM `study_auth_rule` [ RunTime:0.0050s ]
SQL: SELECT `condition`,`name` FROM `study_auth_rule` WHERE `id` IN ('6','96','20','1','2','3','4','5','64','126','127','128','129','131','21','7','8','9','10','11','12','13','14','15','16','123','124','125','19','130') AND `type` = 1 AND `status` = 1  [ RunTime:0.0010s ]
SQL: SELECT * FROM `study_admin_nav` ORDER BY order_number is null,`order_number`,`id`  [ RunTime:0.0010s ]
INFO: [ view_parse ] --START--
INFO: [ template_filter ] --START--
INFO: Run Behavior\ContentReplaceBehavior [ RunTime:0.000000s ]
INFO: [ template_filter ] --END-- [ RunTime:0.001000s ]
INFO: Run Behavior\ParseTemplateBehavior [ RunTime:0.082004s ]
INFO: [ view_parse ] --END-- [ RunTime:0.082004s ]
INFO: [ view_filter ] --START--
INFO: Run Behavior\WriteHtmlCacheBehavior [ RunTime:0.005001s ]
INFO: [ view_filter ] --END-- [ RunTime:0.006001s ]
INFO: [ app_end ] --START--
INFO: Run Behavior\ShowPageTraceBehavior [ RunTime:0.001000s ]
INFO: [ app_end ] --END-- [ RunTime:0.001000s ]

[ 2016-11-16T18:25:07+08:00 ] 127.0.0.1 /Admin/Category/catLis
INFO: [ app_init ] --START--
INFO: Run Behavior\BuildLiteBehavior [ RunTime:0.000000s ]
INFO: [ app_init ] --END-- [ RunTime:0.000000s ]
INFO: [ app_begin ] --START--
INFO: Run Behavior\ReadHtmlCacheBehavior [ RunTime:0.001000s ]
INFO: [ app_begin ] --END-- [ RunTime:0.001000s ]
NOTIC: [2048] Declaration of Common\Model\AdminNavModel::getTreeData() should be compatible with Common\Model\BaseModel::getTreeData($type = 'tree', $order = '', $name = 'name', $child = 'id', $parent = 'pid') E:\wamp\www\layui\Application\Common\Model\AdminNavModel.class.php 第 7 行.
SQL: SHOW COLUMNS FROM `study_admin_nav` [ RunTime:0.0070s ]
SQL: SELECT * FROM `study_admin_nav` ORDER BY order_number is null,`order_number`,`id`  [ RunTime:0.0010s ]
SQL: SHOW COLUMNS FROM `study_auth_group_access` [ RunTime:0.0040s ]
SQL: SELECT `uid`,`group_id`,`title`,`rules` FROM study_auth_group_access a INNER JOIN study_auth_group g on a.group_id=g.id  WHERE ( a.uid='88' and g.status='1' )  [ RunTime:0.0000s ]
SQL: SHOW COLUMNS FROM `study_auth_rule` [ RunTime:0.0040s ]
SQL: SELECT `condition`,`name` FROM `study_auth_rule` WHERE `id` IN ('6','96','20','1','2','3','4','5','64','126','127','128','129','131','21','7','8','9','10','11','12','13','14','15','16','123','124','125','19','130') AND `type` = 1 AND `status` = 1  [ RunTime:0.0010s ]
NOTIC: [2048] Declaration of Common\Model\CategoryModel::_before_update() should be compatible with Think\Model::_before_update(&$data, $options) E:\wamp\www\layui\Application\Common\Model\CategoryModel.class.php 第 144 行.
SQL: SHOW COLUMNS FROM `study_category` [ RunTime:0.0070s ]
SQL: SELECT * FROM `study_category` ORDER BY `sort_num`  [ RunTime:0.0020s ]
SQL: SELECT * FROM `study_category`  [ RunTime:0.0000s ]
SQL: SELECT * FROM `study_category`  [ RunTime:0.0010s ]
SQL: SELECT * FROM `study_category`  [ RunTime:0.0000s ]
SQL: SELECT * FROM `study_category`  [ RunTime:0.0000s ]
SQL: SELECT * FROM `study_category`  [ RunTime:0.0010s ]
SQL: SELECT * FROM `study_category`  [ RunTime:0.0000s ]
SQL: SELECT * FROM `study_category`  [ RunTime:0.0010s ]
SQL: SELECT * FROM `study_category`  [ RunTime:0.0000s ]
SQL: SELECT * FROM `study_category`  [ RunTime:0.0010s ]
SQL: SELECT * FROM `study_category`  [ RunTime:0.0000s ]
SQL: SELECT * FROM `study_category`  [ RunTime:0.0010s ]
SQL: SELECT * FROM `study_category`  [ RunTime:0.0000s ]
SQL: SELECT * FROM `study_category`  [ RunTime:0.0010s ]
SQL: SELECT * FROM `study_category`  [ RunTime:0.0000s ]
SQL: SELECT * FROM `study_category`  [ RunTime:0.0000s ]
SQL: SELECT * FROM `study_category`  [ RunTime:0.0000s ]
SQL: SELECT * FROM `study_category`  [ RunTime:0.0000s ]
SQL: SELECT * FROM `study_category`  [ RunTime:0.0010s ]
SQL: SELECT * FROM `study_category`  [ RunTime:0.0010s ]
SQL: SELECT * FROM `study_category`  [ RunTime:0.0010s ]
SQL: SELECT * FROM `study_category`  [ RunTime:0.0000s ]
SQL: SELECT * FROM `study_category`  [ RunTime:0.0000s ]
SQL: SELECT * FROM `study_category`  [ RunTime:0.0010s ]
SQL: SELECT * FROM `study_category`  [ RunTime:0.0000s ]
SQL: SELECT * FROM `study_category`  [ RunTime:0.0010s ]
SQL: SELECT * FROM `study_category`  [ RunTime:0.0000s ]
SQL: SELECT * FROM `study_category`  [ RunTime:0.0000s ]
SQL: SELECT * FROM `study_category`  [ RunTime:0.0010s ]
SQL: SELECT * FROM `study_category`  [ RunTime:0.0010s ]
SQL: SELECT * FROM `study_category`  [ RunTime:0.0010s ]
SQL: SELECT * FROM `study_category`  [ RunTime:0.0000s ]
SQL: SELECT * FROM `study_category`  [ RunTime:0.0010s ]
SQL: SELECT * FROM `study_category`  [ RunTime:0.0000s ]
SQL: SELECT * FROM `study_category`  [ RunTime:0.0010s ]
SQL: SELECT * FROM `study_category`  [ RunTime:0.0010s ]
SQL: SELECT * FROM `study_category`  [ RunTime:0.0010s ]
SQL: SELECT * FROM `study_category`  [ RunTime:0.0000s ]
SQL: SELECT * FROM `study_category`  [ RunTime:0.0010s ]
SQL: SELECT * FROM `study_category`  [ RunTime:0.0000s ]
SQL: SELECT * FROM `study_category`  [ RunTime:0.0010s ]
SQL: SELECT * FROM `study_category`  [ RunTime:0.0010s ]
SQL: SELECT * FROM `study_category`  [ RunTime:0.0010s ]
SQL: SELECT * FROM `study_category`  [ RunTime:0.0000s ]
SQL: SELECT * FROM `study_category`  [ RunTime:0.0010s ]
SQL: SELECT * FROM `study_category`  [ RunTime:0.0000s ]
SQL: SELECT * FROM `study_category`  [ RunTime:0.0010s ]
INFO: [ view_parse ] --START--
INFO: [ template_filter ] --START--
INFO: Run Behavior\ContentReplaceBehavior [ RunTime:0.001001s ]
INFO: [ template_filter ] --END-- [ RunTime:0.001001s ]
NOTIC: [8] Use of undefined constant Self - assumed 'Self' E:\wamp\www\layui\Application\Runtime\Cache\Admin\2657881e7b4c60d4bd31896cbd54a3dd.php 第 106 行.
NOTIC: [8] Use of undefined constant Self - assumed 'Self' E:\wamp\www\layui\Application\Runtime\Cache\Admin\2657881e7b4c60d4bd31896cbd54a3dd.php 第 106 行.
NOTIC: [8] Use of undefined constant Self - assumed 'Self' E:\wamp\www\layui\Application\Runtime\Cache\Admin\2657881e7b4c60d4bd31896cbd54a3dd.php 第 106 行.
NOTIC: [8] Use of undefined constant Self - assumed 'Self' E:\wamp\www\layui\Application\Runtime\Cache\Admin\2657881e7b4c60d4bd31896cbd54a3dd.php 第 106 行.
NOTIC: [8] Use of undefined constant Self - assumed 'Self' E:\wamp\www\layui\Application\Runtime\Cache\Admin\2657881e7b4c60d4bd31896cbd54a3dd.php 第 106 行.
NOTIC: [8] Use of undefined constant Self - assumed 'Self' E:\wamp\www\layui\Application\Runtime\Cache\Admin\2657881e7b4c60d4bd31896cbd54a3dd.php 第 106 行.
NOTIC: [8] Use of undefined constant Self - assumed 'Self' E:\wamp\www\layui\Application\Runtime\Cache\Admin\2657881e7b4c60d4bd31896cbd54a3dd.php 第 106 行.
NOTIC: [8] Use of undefined constant Self - assumed 'Self' E:\wamp\www\layui\Application\Runtime\Cache\Admin\2657881e7b4c60d4bd31896cbd54a3dd.php 第 106 行.
NOTIC: [8] Use of undefined constant Self - assumed 'Self' E:\wamp\www\layui\Application\Runtime\Cache\Admin\2657881e7b4c60d4bd31896cbd54a3dd.php 第 106 行.
NOTIC: [8] Use of undefined constant Self - assumed 'Self' E:\wamp\www\layui\Application\Runtime\Cache\Admin\2657881e7b4c60d4bd31896cbd54a3dd.php 第 106 行.
NOTIC: [8] Use of undefined constant Self - assumed 'Self' E:\wamp\www\layui\Application\Runtime\Cache\Admin\2657881e7b4c60d4bd31896cbd54a3dd.php 第 106 行.
NOTIC: [8] Use of undefined constant Self - assumed 'Self' E:\wamp\www\layui\Application\Runtime\Cache\Admin\2657881e7b4c60d4bd31896cbd54a3dd.php 第 106 行.
NOTIC: [8] Use of undefined constant Self - assumed 'Self' E:\wamp\www\layui\Application\Runtime\Cache\Admin\2657881e7b4c60d4bd31896cbd54a3dd.php 第 106 行.
NOTIC: [8] Use of undefined constant Self - assumed 'Self' E:\wamp\www\layui\Application\Runtime\Cache\Admin\2657881e7b4c60d4bd31896cbd54a3dd.php 第 106 行.
NOTIC: [8] Use of undefined constant Self - assumed 'Self' E:\wamp\www\layui\Application\Runtime\Cache\Admin\2657881e7b4c60d4bd31896cbd54a3dd.php 第 106 行.
INFO: Run Behavior\ParseTemplateBehavior [ RunTime:0.068004s ]
INFO: [ view_parse ] --END-- [ RunTime:0.068004s ]
INFO: [ view_filter ] --START--
INFO: Run Behavior\WriteHtmlCacheBehavior [ RunTime:0.001000s ]
INFO: [ view_filter ] --END-- [ RunTime:0.001000s ]
INFO: [ app_end ] --START--
INFO: Run Behavior\ShowPageTraceBehavior [ RunTime:0.001000s ]
INFO: [ app_end ] --END-- [ RunTime:0.002000s ]

[ 2016-11-16T18:25:14+08:00 ] 127.0.0.1 /Admin/active/test
INFO: [ app_init ] --START--
INFO: Run Behavior\BuildLiteBehavior [ RunTime:0.000000s ]
INFO: [ app_init ] --END-- [ RunTime:0.000000s ]
INFO: [ app_begin ] --START--
INFO: Run Behavior\ReadHtmlCacheBehavior [ RunTime:0.001000s ]
INFO: [ app_begin ] --END-- [ RunTime:0.001000s ]
NOTIC: [2048] Declaration of Common\Model\AdminNavModel::getTreeData() should be compatible with Common\Model\BaseModel::getTreeData($type = 'tree', $order = '', $name = 'name', $child = 'id', $parent = 'pid') E:\wamp\www\layui\Application\Common\Model\AdminNavModel.class.php 第 7 行.
SQL: SHOW COLUMNS FROM `study_admin_nav` [ RunTime:0.0040s ]
SQL: SELECT * FROM `study_admin_nav` ORDER BY order_number is null,`order_number`,`id`  [ RunTime:0.0010s ]
SQL: SHOW COLUMNS FROM `study_auth_group_access` [ RunTime:0.0040s ]
SQL: SELECT `uid`,`group_id`,`title`,`rules` FROM study_auth_group_access a INNER JOIN study_auth_group g on a.group_id=g.id  WHERE ( a.uid='88' and g.status='1' )  [ RunTime:0.0010s ]
SQL: SHOW COLUMNS FROM `study_auth_rule` [ RunTime:0.0040s ]
SQL: SELECT `condition`,`name` FROM `study_auth_rule` WHERE `id` IN ('6','96','20','1','2','3','4','5','64','126','127','128','129','131','21','7','8','9','10','11','12','13','14','15','16','123','124','125','19','130') AND `type` = 1 AND `status` = 1  [ RunTime:0.0010s ]
INFO: [ view_parse ] --START--
INFO: [ template_filter ] --START--
INFO: Run Behavior\ContentReplaceBehavior [ RunTime:0.000000s ]
INFO: [ template_filter ] --END-- [ RunTime:0.000000s ]
INFO: Run Behavior\ParseTemplateBehavior [ RunTime:0.024001s ]
INFO: [ view_parse ] --END-- [ RunTime:0.024001s ]
INFO: [ view_filter ] --START--
INFO: Run Behavior\WriteHtmlCacheBehavior [ RunTime:0.001000s ]
INFO: [ view_filter ] --END-- [ RunTime:0.001000s ]
INFO: [ app_end ] --START--
INFO: Run Behavior\ShowPageTraceBehavior [ RunTime:0.001000s ]
INFO: [ app_end ] --END-- [ RunTime:0.001000s ]

[ 2016-11-16T18:25:45+08:00 ] 127.0.0.1 /Admin/active/jquery.json-2.4.js?_=1479291945211
INFO: [ app_init ] --START--
INFO: Run Behavior\BuildLiteBehavior [ RunTime:0.000000s ]
INFO: [ app_init ] --END-- [ RunTime:0.001000s ]
INFO: [ app_begin ] --START--
INFO: Run Behavior\ReadHtmlCacheBehavior [ RunTime:0.000000s ]
INFO: [ app_begin ] --END-- [ RunTime:0.001000s ]
NOTIC: [2048] Declaration of Common\Model\AdminNavModel::getTreeData() should be compatible with Common\Model\BaseModel::getTreeData($type = 'tree', $order = '', $name = 'name', $child = 'id', $parent = 'pid') E:\wamp\www\layui\Application\Common\Model\AdminNavModel.class.php 第 7 行.
SQL: SHOW COLUMNS FROM `study_admin_nav` [ RunTime:0.0050s ]
SQL: SELECT * FROM `study_admin_nav` ORDER BY order_number is null,`order_number`,`id`  [ RunTime:0.0010s ]
SQL: SHOW COLUMNS FROM `study_auth_group_access` [ RunTime:0.0050s ]
SQL: SELECT `uid`,`group_id`,`title`,`rules` FROM study_auth_group_access a INNER JOIN study_auth_group g on a.group_id=g.id  WHERE ( a.uid='88' and g.status='1' )  [ RunTime:0.0010s ]
SQL: SHOW COLUMNS FROM `study_auth_rule` [ RunTime:0.0050s ]
SQL: SELECT `condition`,`name` FROM `study_auth_rule` WHERE `id` IN ('6','96','20','1','2','3','4','5','64','126','127','128','129','131','21','7','8','9','10','11','12','13','14','15','16','123','124','125','19','130') AND `type` = 1 AND `status` = 1  [ RunTime:0.0000s ]
ERR: 非法操作:jquery.json-2.4

[ 2016-11-16T18:26:03+08:00 ] 127.0.0.1 /Admin/active/jquery.json-2.4.js?_=1479291963513
INFO: [ app_init ] --START--
INFO: Run Behavior\BuildLiteBehavior [ RunTime:0.000000s ]
INFO: [ app_init ] --END-- [ RunTime:0.001000s ]
INFO: [ app_begin ] --START--
INFO: Run Behavior\ReadHtmlCacheBehavior [ RunTime:0.001000s ]
INFO: [ app_begin ] --END-- [ RunTime:0.002000s ]
NOTIC: [2048] Declaration of Common\Model\AdminNavModel::getTreeData() should be compatible with Common\Model\BaseModel::getTreeData($type = 'tree', $order = '', $name = 'name', $child = 'id', $parent = 'pid') E:\wamp\www\layui\Application\Common\Model\AdminNavModel.class.php 第 7 行.
SQL: SHOW COLUMNS FROM `study_admin_nav` [ RunTime:0.0050s ]
SQL: SELECT * FROM `study_admin_nav` ORDER BY order_number is null,`order_number`,`id`  [ RunTime:0.0000s ]
SQL: SHOW COLUMNS FROM `study_auth_group_access` [ RunTime:0.0070s ]
SQL: SELECT `uid`,`group_id`,`title`,`rules` FROM study_auth_group_access a INNER JOIN study_auth_group g on a.group_id=g.id  WHERE ( a.uid='88' and g.status='1' )  [ RunTime:0.0010s ]
SQL: SHOW COLUMNS FROM `study_auth_rule` [ RunTime:0.0060s ]
SQL: SELECT `condition`,`name` FROM `study_auth_rule` WHERE `id` IN ('6','96','20','1','2','3','4','5','64','126','127','128','129','131','21','7','8','9','10','11','12','13','14','15','16','123','124','125','19','130') AND `type` = 1 AND `status` = 1  [ RunTime:0.0010s ]
ERR: 非法操作:jquery.json-2.4

[ 2016-11-16T18:31:22+08:00 ] 127.0.0.1 /Admin/active/jquery.json-2.4.js?_=1479292282769
INFO: [ app_init ] --START--
INFO: Run Behavior\BuildLiteBehavior [ RunTime:0.000000s ]
INFO: [ app_init ] --END-- [ RunTime:0.002000s ]
INFO: [ app_begin ] --START--
INFO: Run Behavior\ReadHtmlCacheBehavior [ RunTime:0.001000s ]
INFO: [ app_begin ] --END-- [ RunTime:0.001000s ]
NOTIC: [2048] Declaration of Common\Model\AdminNavModel::getTreeData() should be compatible with Common\Model\BaseModel::getTreeData($type = 'tree', $order = '', $name = 'name', $child = 'id', $parent = 'pid') E:\wamp\www\layui\Application\Common\Model\AdminNavModel.class.php 第 7 行.
SQL: SHOW COLUMNS FROM `study_admin_nav` [ RunTime:0.0060s ]
SQL: SELECT * FROM `study_admin_nav` ORDER BY order_number is null,`order_number`,`id`  [ RunTime:0.0010s ]
SQL: SHOW COLUMNS FROM `study_auth_group_access` [ RunTime:0.0050s ]
SQL: SELECT `uid`,`group_id`,`title`,`rules` FROM study_auth_group_access a INNER JOIN study_auth_group g on a.group_id=g.id  WHERE ( a.uid='88' and g.status='1' )  [ RunTime:0.0000s ]
SQL: SHOW COLUMNS FROM `study_auth_rule` [ RunTime:0.0060s ]
SQL: SELECT `condition`,`name` FROM `study_auth_rule` WHERE `id` IN ('6','96','20','1','2','3','4','5','64','126','127','128','129','131','21','7','8','9','10','11','12','13','14','15','16','123','124','125','19','130') AND `type` = 1 AND `status` = 1  [ RunTime:0.0010s ]
ERR: 非法操作:jquery.json-2.4

[ 2016-11-16T18:42:31+08:00 ] 127.0.0.1 /admin/active/test
INFO: [ app_init ] --START--
INFO: Run Behavior\BuildLiteBehavior [ RunTime:0.000000s ]
INFO: [ app_init ] --END-- [ RunTime:0.001000s ]
INFO: [ app_begin ] --START--
INFO: Run Behavior\ReadHtmlCacheBehavior [ RunTime:0.002000s ]
INFO: [ app_begin ] --END-- [ RunTime:0.002000s ]
NOTIC: [2048] Declaration of Common\Model\AdminNavModel::getTreeData() should be compatible with Common\Model\BaseModel::getTreeData($type = 'tree', $order = '', $name = 'name', $child = 'id', $parent = 'pid') E:\wamp\www\layui\Application\Common\Model\AdminNavModel.class.php 第 7 行.
SQL: SHOW COLUMNS FROM `study_admin_nav` [ RunTime:0.0060s ]
SQL: SELECT * FROM `study_admin_nav` ORDER BY order_number is null,`order_number`,`id`  [ RunTime:0.0010s ]
SQL: SHOW COLUMNS FROM `study_auth_group_access` [ RunTime:0.0050s ]
SQL: SELECT `uid`,`group_id`,`title`,`rules` FROM study_auth_group_access a INNER JOIN study_auth_group g on a.group_id=g.id  WHERE ( a.uid='88' and g.status='1' )  [ RunTime:0.0010s ]
SQL: SHOW COLUMNS FROM `study_auth_rule` [ RunTime:0.0060s ]
SQL: SELECT `condition`,`name` FROM `study_auth_rule` WHERE `id` IN ('6','96','20','1','2','3','4','5','64','126','127','128','129','131','21','7','8','9','10','11','12','13','14','15','16','123','124','125','19','130') AND `type` = 1 AND `status` = 1  [ RunTime:0.0010s ]
INFO: [ view_parse ] --START--
INFO: [ template_filter ] --START--
INFO: Run Behavior\ContentReplaceBehavior [ RunTime:0.000000s ]
INFO: [ template_filter ] --END-- [ RunTime:0.001000s ]
INFO: Run Behavior\ParseTemplateBehavior [ RunTime:0.026002s ]
INFO: [ view_parse ] --END-- [ RunTime:0.026002s ]
INFO: [ view_filter ] --START--
INFO: Run Behavior\WriteHtmlCacheBehavior [ RunTime:0.000000s ]
INFO: [ view_filter ] --END-- [ RunTime:0.001000s ]
INFO: [ app_end ] --START--
INFO: Run Behavior\ShowPageTraceBehavior [ RunTime:0.001000s ]
INFO: [ app_end ] --END-- [ RunTime:0.001000s ]

[ 2016-11-16T18:42:46+08:00 ] 127.0.0.1 /admin/active/test
INFO: [ app_init ] --START--
INFO: Run Behavior\BuildLiteBehavior [ RunTime:0.000000s ]
INFO: [ app_init ] --END-- [ RunTime:0.001000s ]
INFO: [ app_begin ] --START--
INFO: Run Behavior\ReadHtmlCacheBehavior [ RunTime:0.002000s ]
INFO: [ app_begin ] --END-- [ RunTime:0.003000s ]
NOTIC: [2048] Declaration of Common\Model\AdminNavModel::getTreeData() should be compatible with Common\Model\BaseModel::getTreeData($type = 'tree', $order = '', $name = 'name', $child = 'id', $parent = 'pid') E:\wamp\www\layui\Application\Common\Model\AdminNavModel.class.php 第 7 行.
SQL: SHOW COLUMNS FROM `study_admin_nav` [ RunTime:0.0060s ]
SQL: SELECT * FROM `study_admin_nav` ORDER BY order_number is null,`order_number`,`id`  [ RunTime:0.0000s ]
NOTIC: [8] Undefined index: user E:\wamp\www\layui\Application\Common\Model\AdminNavModel.class.php 第 45 行.
SQL: SHOW COLUMNS FROM `study_auth_group_access` [ RunTime:0.0040s ]
SQL: SELECT `uid`,`group_id`,`title`,`rules` FROM study_auth_group_access a INNER JOIN study_auth_group g on a.group_id=g.id  WHERE ( a.uid='' and g.status='1' )  [ RunTime:0.0010s ]
NOTIC: [8] Undefined index: user E:\wamp\www\layui\Application\Common\Model\AdminNavModel.class.php 第 45 行.
INFO: [ view_parse ] --START--
INFO: [ template_filter ] --START--
INFO: Run Behavior\ContentReplaceBehavior [ RunTime:0.000000s ]
INFO: [ template_filter ] --END-- [ RunTime:0.000000s ]
INFO: Run Behavior\ParseTemplateBehavior [ RunTime:0.023001s ]
INFO: [ view_parse ] --END-- [ RunTime:0.023001s ]
INFO: [ view_filter ] --START--
INFO: Run Behavior\WriteHtmlCacheBehavior [ RunTime:0.001000s ]
INFO: [ view_filter ] --END-- [ RunTime:0.001000s ]
INFO: [ app_end ] --START--
INFO: Run Behavior\ShowPageTraceBehavior [ RunTime:0.001000s ]
INFO: [ app_end ] --END-- [ RunTime:0.002000s ]

